0 info it worked if it ends with ok
1 verbose cli [ 'C:\\Program Files\\NodejsUwp\\Console\\node.exe',
1 verbose cli   'C:\\Program Files\\NodejsUwp\\Console\\node_modules\\npm\\bin\\npm-cli.js',
1 verbose cli   'install',
1 verbose cli   '-g',
1 verbose cli   'bower-cli' ]
2 info using npm@3.8.6
3 info using node@v6.0.0
4 silly loadCurrentTree Starting
5 silly install loadCurrentTree
6 silly install readGlobalPackageData
7 silly fetchPackageMetaData bower-cli
8 silly fetchNamedPackageData bower-cli
9 silly mapToRegistry name bower-cli
10 silly mapToRegistry using default registry
11 silly mapToRegistry registry https://registry.npmjs.org/
12 silly mapToRegistry data Result {
12 silly mapToRegistry   raw: 'bower-cli',
12 silly mapToRegistry   scope: null,
12 silly mapToRegistry   name: 'bower-cli',
12 silly mapToRegistry   rawSpec: '',
12 silly mapToRegistry   spec: 'latest',
12 silly mapToRegistry   type: 'tag' }
13 silly mapToRegistry uri https://registry.npmjs.org/bower-cli
14 verbose request uri https://registry.npmjs.org/bower-cli
15 verbose request no auth needed
16 info attempt registry request try #1 at ‎12‎:‎57‎:‎31‎ ‎p. m.
17 verbose request id 7600a3c03d70f6b1
18 http request GET https://registry.npmjs.org/bower-cli
19 http 404 https://registry.npmjs.org/bower-cli
20 verbose headers { 'content-type': 'application/json',
20 verbose headers   'cache-control': 'max-age=0',
20 verbose headers   'content-length': '2',
20 verbose headers   'accept-ranges': 'bytes',
20 verbose headers   date: 'Sun, 04 Jun 2017 17:57:29 GMT',
20 verbose headers   via: '1.1 varnish',
20 verbose headers   age: '0',
20 verbose headers   connection: 'keep-alive',
20 verbose headers   'x-served-by': 'cache-atl6244-ATL',
20 verbose headers   'x-cache': 'MISS',
20 verbose headers   'x-cache-hits': '0',
20 verbose headers   'x-timer': 'S1496599049.188709,VS0,VE265',
20 verbose headers   vary: 'Accept-Encoding' }
21 silly get cb [ 404,
21 silly get   { 'content-type': 'application/json',
21 silly get     'cache-control': 'max-age=0',
21 silly get     'content-length': '2',
21 silly get     'accept-ranges': 'bytes',
21 silly get     date: 'Sun, 04 Jun 2017 17:57:29 GMT',
21 silly get     via: '1.1 varnish',
21 silly get     age: '0',
21 silly get     connection: 'keep-alive',
21 silly get     'x-served-by': 'cache-atl6244-ATL',
21 silly get     'x-cache': 'MISS',
21 silly get     'x-cache-hits': '0',
21 silly get     'x-timer': 'S1496599049.188709,VS0,VE265',
21 silly get     vary: 'Accept-Encoding' } ]
22 silly fetchPackageMetaData Error: Registry returned 404 for GET on https://registry.npmjs.org/bower-cli
22 silly fetchPackageMetaData    at makeError (C:\Program Files\NodejsUwp\Console\node_modules\npm\node_modules\npm-registry-client\lib\request.js:264:3)
22 silly fetchPackageMetaData    at Anonymous function (C:\Program Files\NodejsUwp\Console\node_modules\npm\node_modules\npm-registry-client\lib\request.js:242:9)
22 silly fetchPackageMetaData    at Anonymous function (C:\Program Files\NodejsUwp\Console\node_modules\npm\node_modules\npm-registry-client\lib\request.js:172:7)
22 silly fetchPackageMetaData    at self.callback (C:\Program Files\NodejsUwp\Console\node_modules\npm\node_modules\request\request.js:199:7)
22 silly fetchPackageMetaData    at emitTwo (events.js:106:5)
22 silly fetchPackageMetaData    at emit (events.js:191:7)
22 silly fetchPackageMetaData    at Anonymous function (C:\Program Files\NodejsUwp\Console\node_modules\npm\node_modules\request\request.js:1036:5)
22 silly fetchPackageMetaData    at emitOne (events.js:101:7)
22 silly fetchPackageMetaData    at emit (events.js:188:7)
22 silly fetchPackageMetaData    at Anonymous function (C:\Program Files\NodejsUwp\Console\node_modules\npm\node_modules\request\request.js:963:7)
22 silly fetchPackageMetaData    at emitNone (events.js:91:7)
22 silly fetchPackageMetaData    at emit (events.js:185:7)
22 silly fetchPackageMetaData    at endReadableNT (_stream_readable.js:926:5)
22 silly fetchPackageMetaData    at _combinedTickCallback (internal/process/next_tick.js:74:11)
22 silly fetchPackageMetaData    at _tickCallback (internal/process/next_tick.js:98:9)
22 silly fetchPackageMetaData  error for bower-cli { Error: Registry returned 404 for GET on https://registry.npmjs.org/bower-cli
22 silly fetchPackageMetaData    at makeError (C:\Program Files\NodejsUwp\Console\node_modules\npm\node_modules\npm-registry-client\lib\request.js:264:3)
22 silly fetchPackageMetaData    at Anonymous function (C:\Program Files\NodejsUwp\Console\node_modules\npm\node_modules\npm-registry-client\lib\request.js:242:9)
22 silly fetchPackageMetaData    at Anonymous function (C:\Program Files\NodejsUwp\Console\node_modules\npm\node_modules\npm-registry-client\lib\request.js:172:7)
22 silly fetchPackageMetaData    at self.callback (C:\Program Files\NodejsUwp\Console\node_modules\npm\node_modules\request\request.js:199:7)
22 silly fetchPackageMetaData    at emitTwo (events.js:106:5)
22 silly fetchPackageMetaData    at emit (events.js:191:7)
22 silly fetchPackageMetaData    at Anonymous function (C:\Program Files\NodejsUwp\Console\node_modules\npm\node_modules\request\request.js:1036:5)
22 silly fetchPackageMetaData    at emitOne (events.js:101:7)
22 silly fetchPackageMetaData    at emit (events.js:188:7)
22 silly fetchPackageMetaData    at Anonymous function (C:\Program Files\NodejsUwp\Console\node_modules\npm\node_modules\request\request.js:963:7)
22 silly fetchPackageMetaData    at emitNone (events.js:91:7)
22 silly fetchPackageMetaData    at emit (events.js:185:7)
22 silly fetchPackageMetaData    at endReadableNT (_stream_readable.js:926:5)
22 silly fetchPackageMetaData    at _combinedTickCallback (internal/process/next_tick.js:74:11)
22 silly fetchPackageMetaData    at _tickCallback (internal/process/next_tick.js:98:9) pkgid: 'bower-cli', statusCode: 404, code: 'E404' }
23 silly rollbackFailedOptional Starting
24 silly rollbackFailedOptional Finishing
25 silly runTopLevelLifecycles Starting
26 silly runTopLevelLifecycles Finishing
27 silly install printInstalled
28 verbose stack Error: Registry returned 404 for GET on https://registry.npmjs.org/bower-cli
28 verbose stack    at makeError (C:\Program Files\NodejsUwp\Console\node_modules\npm\node_modules\npm-registry-client\lib\request.js:264:3)
28 verbose stack    at Anonymous function (C:\Program Files\NodejsUwp\Console\node_modules\npm\node_modules\npm-registry-client\lib\request.js:242:9)
28 verbose stack    at Anonymous function (C:\Program Files\NodejsUwp\Console\node_modules\npm\node_modules\npm-registry-client\lib\request.js:172:7)
28 verbose stack    at self.callback (C:\Program Files\NodejsUwp\Console\node_modules\npm\node_modules\request\request.js:199:7)
28 verbose stack    at emitTwo (events.js:106:5)
28 verbose stack    at emit (events.js:191:7)
28 verbose stack    at Anonymous function (C:\Program Files\NodejsUwp\Console\node_modules\npm\node_modules\request\request.js:1036:5)
28 verbose stack    at emitOne (events.js:101:7)
28 verbose stack    at emit (events.js:188:7)
28 verbose stack    at Anonymous function (C:\Program Files\NodejsUwp\Console\node_modules\npm\node_modules\request\request.js:963:7)
28 verbose stack    at emitNone (events.js:91:7)
28 verbose stack    at emit (events.js:185:7)
28 verbose stack    at endReadableNT (_stream_readable.js:926:5)
28 verbose stack    at _combinedTickCallback (internal/process/next_tick.js:74:11)
28 verbose stack    at _tickCallback (internal/process/next_tick.js:98:9)
29 verbose statusCode 404
30 verbose pkgid bower-cli
31 verbose cwd C:\CrawlerSite Git\CrawlerSite.Web
32 error Windows_NT 10.0.14393
33 error argv "C:\\Program Files\\NodejsUwp\\Console\\node.exe" "C:\\Program Files\\NodejsUwp\\Console\\node_modules\\npm\\bin\\npm-cli.js" "install" "-g" "bower-cli"
34 error node v6.0.0
35 error npm  v3.8.6
36 error code E404
37 error 404 Registry returned 404 for GET on https://registry.npmjs.org/bower-cli
38 error 404
39 error 404 'bower-cli' is not in the npm registry.
40 error 404 You should bug the author to publish it (or use the name yourself!)
41 error 404 Note that you can also install from a
42 error 404 tarball, folder, http url, or git url.
43 verbose exit [ 1, true ]
